TN:
SF:routes\api\logs.js
FN:5,(anonymous_0)
FN:98,(anonymous_1)
FN:120,(anonymous_2)
FN:133,(anonymous_3)
FN:135,(anonymous_4)
FN:135,(anonymous_5)
FN:144,(anonymous_6)
FN:164,(anonymous_7)
FN:177,(anonymous_8)
FN:183,(anonymous_9)
FN:187,(anonymous_10)
FN:188,(anonymous_11)
FN:210,(anonymous_12)
FN:223,(anonymous_13)
FN:242,(anonymous_14)
FN:262,(anonymous_15)
FN:276,(anonymous_16)
FN:292,(anonymous_17)
FN:303,(anonymous_18)
FN:339,(anonymous_19)
FNF:20
FNH:13
FNDA:3,(anonymous_0)
FNDA:0,(anonymous_1)
FNDA:1,(anonymous_2)
FNDA:2,(anonymous_3)
FNDA:2,(anonymous_4)
FNDA:2,(anonymous_5)
FNDA:2,(anonymous_6)
FNDA:2,(anonymous_7)
FNDA:2,(anonymous_8)
FNDA:0,(anonymous_9)
FNDA:1,(anonymous_10)
FNDA:1,(anonymous_11)
FNDA:0,(anonymous_12)
FNDA:0,(anonymous_13)
FNDA:0,(anonymous_14)
FNDA:0,(anonymous_15)
FNDA:1,(anonymous_16)
FNDA:0,(anonymous_17)
FNDA:2,(anonymous_18)
FNDA:2,(anonymous_19)
DA:1,1
DA:2,1
DA:5,1
DA:6,3
DA:16,3
DA:19,3
DA:20,3
DA:22,3
DA:23,3
DA:27,3
DA:32,3
DA:33,3
DA:34,3
DA:35,3
DA:36,3
DA:37,3
DA:39,3
DA:40,3
DA:41,3
DA:43,3
DA:44,0
DA:45,0
DA:46,0
DA:48,3
DA:49,0
DA:50,0
DA:51,0
DA:53,3
DA:54,0
DA:55,0
DA:56,0
DA:58,3
DA:59,0
DA:60,0
DA:61,0
DA:63,3
DA:64,0
DA:65,0
DA:66,0
DA:68,3
DA:70,0
DA:71,0
DA:72,0
DA:75,3
DA:76,3
DA:78,3
DA:79,3
DA:80,3
DA:82,3
DA:92,0
DA:93,0
DA:98,1
DA:99,0
DA:100,0
DA:102,0
DA:103,0
DA:106,0
DA:112,0
DA:114,0
DA:115,0
DA:120,1
DA:121,1
DA:122,1
DA:125,1
DA:132,1
DA:133,2
DA:134,1
DA:135,2
DA:138,1
DA:139,1
DA:140,24
DA:141,24
DA:144,1
DA:145,2
DA:146,0
DA:147,0
DA:151,1
DA:157,1
DA:164,1
DA:165,2
DA:166,0
DA:170,1
DA:176,1
DA:177,1
DA:178,2
DA:179,2
DA:182,1
DA:183,0
DA:186,1
DA:187,1
DA:188,1
DA:191,1
DA:204,0
DA:205,0
DA:210,1
DA:211,0
DA:212,0
DA:213,0
DA:215,0
DA:220,0
DA:222,0
DA:223,0
DA:224,0
DA:227,0
DA:229,0
DA:230,0
DA:231,0
DA:233,0
DA:236,0
DA:237,0
DA:242,1
DA:243,0
DA:244,0
DA:245,0
DA:247,0
DA:248,0
DA:254,0
DA:256,0
DA:257,0
DA:262,1
DA:263,0
DA:264,0
DA:270,0
DA:271,0
DA:276,1
DA:277,1
DA:278,1
DA:279,1
DA:280,1
DA:281,1
DA:282,1
DA:283,1
DA:284,1
DA:286,0
DA:287,0
DA:292,1
DA:293,0
DA:294,0
DA:295,0
DA:297,0
DA:298,0
DA:303,1
DA:304,2
DA:305,2
DA:307,2
DA:308,0
DA:314,2
DA:316,2
DA:317,1
DA:324,1
DA:325,0
DA:327,1
DA:328,0
DA:331,1
DA:333,0
DA:334,0
DA:339,1
DA:340,2
DA:341,2
DA:342,2
DA:343,1
DA:345,1
DA:346,0
DA:348,1
DA:349,1
DA:350,0
DA:352,1
DA:353,0
DA:355,1
DA:356,1
DA:360,1
DA:362,0
DA:363,0
DA:367,1
LF:174
LH:96
BRDA:8,0,0,2
BRDA:9,1,0,3
BRDA:19,2,0,1
BRDA:19,2,1,2
BRDA:20,3,0,0
BRDA:20,3,1,3
BRDA:22,4,0,0
BRDA:22,4,1,3
BRDA:22,5,0,3
BRDA:22,5,1,0
BRDA:23,6,0,0
BRDA:23,6,1,3
BRDA:23,7,0,3
BRDA:23,7,1,1
BRDA:23,7,2,1
BRDA:23,7,3,0
BRDA:32,8,0,0
BRDA:32,8,1,3
BRDA:33,9,0,0
BRDA:33,9,1,3
BRDA:34,10,0,0
BRDA:34,10,1,3
BRDA:35,11,0,0
BRDA:35,11,1,3
BRDA:36,12,0,0
BRDA:36,12,1,3
BRDA:37,13,0,0
BRDA:37,13,1,3
BRDA:43,14,0,0
BRDA:43,14,1,3
BRDA:48,15,0,0
BRDA:48,15,1,3
BRDA:53,16,0,0
BRDA:53,16,1,3
BRDA:58,17,0,0
BRDA:58,17,1,3
BRDA:63,18,0,0
BRDA:63,18,1,3
BRDA:68,19,0,0
BRDA:68,19,1,3
BRDA:80,20,0,0
BRDA:80,20,1,3
BRDA:88,21,0,3
BRDA:88,21,1,2
BRDA:102,22,0,0
BRDA:102,22,1,0
BRDA:122,23,0,1
BRDA:125,24,0,1
BRDA:125,24,1,0
BRDA:145,25,0,0
BRDA:145,25,1,2
BRDA:147,26,0,0
BRDA:147,26,1,0
BRDA:165,27,0,0
BRDA:165,27,1,2
BRDA:165,28,0,2
BRDA:165,28,1,0
BRDA:178,29,0,2
BRDA:178,29,1,2
BRDA:178,29,2,2
BRDA:179,30,0,2
BRDA:179,30,1,1
BRDA:220,31,0,0
BRDA:220,31,1,0
BRDA:222,32,0,0
BRDA:222,32,1,0
BRDA:224,33,0,0
BRDA:224,33,1,0
BRDA:245,34,0,0
BRDA:245,34,1,0
BRDA:249,35,0,0
BRDA:249,35,1,0
BRDA:249,35,2,0
BRDA:250,36,0,0
BRDA:250,36,1,0
BRDA:250,37,0,0
BRDA:250,37,1,0
BRDA:251,38,0,0
BRDA:251,38,1,0
BRDA:251,38,2,0
BRDA:252,39,0,0
BRDA:252,39,1,0
BRDA:252,39,2,0
BRDA:281,40,0,0
BRDA:281,40,1,1
BRDA:282,41,0,0
BRDA:282,41,1,1
BRDA:284,42,0,1
BRDA:284,42,1,0
BRDA:295,43,0,0
BRDA:295,43,1,0
BRDA:307,44,0,0
BRDA:307,44,1,2
BRDA:307,45,0,2
BRDA:307,45,1,2
BRDA:316,46,0,1
BRDA:316,46,1,1
BRDA:324,47,0,0
BRDA:324,47,1,1
BRDA:327,48,0,0
BRDA:327,48,1,1
BRDA:341,49,0,2
BRDA:341,50,0,1
BRDA:341,51,0,2
BRDA:341,51,1,0
BRDA:342,52,0,1
BRDA:342,52,1,1
BRDA:342,53,0,2
BRDA:342,53,1,1
BRDA:345,54,0,0
BRDA:345,54,1,1
BRDA:349,55,0,0
BRDA:349,55,1,1
BRDA:349,56,0,1
BRDA:349,56,1,1
BRDA:352,57,0,0
BRDA:352,57,1,1
BRDA:352,58,0,1
BRDA:352,58,1,1
BRDA:355,59,0,1
BRDA:355,59,1,1
BRDA:358,60,0,1
BRDA:358,60,1,0
BRF:123
BRH:63
end_of_record
