TN:
SF:middleware\request-metrics.js
FN:6,(anonymous_0)
FN:8,(anonymous_1)
FN:21,(anonymous_2)
FN:52,(anonymous_3)
FN:61,(anonymous_4)
FNF:5
FNH:4
FNDA:1,(anonymous_0)
FNDA:1,(anonymous_1)
FNDA:1,(anonymous_2)
FNDA:0,(anonymous_3)
FNDA:1,(anonymous_4)
DA:6,1
DA:8,1
DA:10,1
DA:11,0
DA:15,1
DA:18,1
DA:21,1
DA:23,1
DA:26,1
DA:27,1
DA:30,1
DA:32,1
DA:33,1
DA:35,0
DA:36,0
DA:37,0
DA:51,0
DA:52,0
DA:54,0
DA:55,0
DA:58,0
DA:61,1
DA:62,1
DA:63,1
DA:64,1
DA:78,0
DA:79,0
DA:82,0
DA:88,1
DA:92,1
LF:30
LH:18
BRDA:10,0,0,0
BRDA:10,0,1,1
BRDA:32,1,0,1
BRDA:32,1,1,1
BRDA:32,1,2,1
BRDA:32,1,3,0
BRDA:33,2,0,0
BRDA:33,2,1,1
BRDA:36,3,0,0
BRDA:36,3,1,0
BRDA:36,4,0,0
BRDA:36,4,1,0
BRDA:46,5,0,0
BRDA:46,5,1,0
BRDA:47,6,0,0
BRDA:47,6,1,0
BRDA:47,6,2,0
BRDA:48,7,0,0
BRDA:48,7,1,0
BRDA:51,8,0,0
BRDA:51,8,1,0
BRDA:51,9,0,0
BRDA:51,9,1,0
BRDA:54,10,0,0
BRDA:54,10,1,0
BRDA:54,11,0,0
BRDA:54,11,1,0
BRDA:63,12,0,1
BRDA:63,12,1,0
BRDA:63,13,0,1
BRDA:63,13,1,1
BRDA:73,14,0,1
BRDA:73,14,1,0
BRDA:74,15,0,1
BRDA:74,15,1,0
BRDA:74,15,2,0
BRDA:75,16,0,1
BRDA:75,16,1,1
BRDA:78,17,0,0
BRDA:78,17,1,0
BRDA:78,18,0,0
BRDA:78,18,1,0
BRF:42
BRH:12
end_of_record
